{"/home/david/mqlobber-access-control/index.js":{"path":"/home/david/mqlobber-access-control/index.js","s":{"1":1,"2":1,"3":372,"4":372,"5":83,"6":1,"7":2457,"8":24,"9":24,"10":24,"11":2433,"12":289,"13":186,"14":103,"15":103,"16":827,"17":815,"18":289,"19":1,"20":1088,"21":168,"22":920,"23":328,"24":592,"25":1,"26":104,"27":104,"28":104,"29":548,"30":4,"31":4,"32":544,"33":248,"34":248,"35":296,"36":4,"37":4,"38":292,"39":280,"40":104,"41":296,"42":4,"43":4,"44":292,"45":280,"46":104,"47":548,"48":4,"49":4,"50":544,"51":248,"52":248,"53":296,"54":8,"55":8,"56":8,"57":8,"58":8,"59":8,"60":4,"61":4,"62":4,"63":8,"64":8,"65":296,"66":280,"67":104,"68":104,"69":104,"70":1,"71":1,"72":124,"73":124,"74":124,"75":1,"76":496,"77":180,"78":180,"79":212,"80":1,"81":248,"82":248,"83":124,"84":124,"85":124,"86":4,"87":4,"88":124,"89":124,"90":36,"91":4,"92":124,"93":124,"94":124,"95":1,"96":400,"97":4,"98":396,"99":396,"100":396,"101":396,"102":36,"103":396,"104":396,"105":100,"106":100,"107":396,"108":1,"109":48,"110":48,"111":48,"112":8,"113":48,"114":48,"115":1},"b":{"1":[83,289],"2":[24,2433],"3":[186,103],"4":[815,12],"5":[168,920],"6":[1088,260],"7":[328,592],"8":[920,768],"9":[4,544],"10":[548,4],"11":[248,296],"12":[4,292],"13":[296,8,4],"14":[280,12],"15":[292,284],"16":[4,292],"17":[296,4],"18":[280,12],"19":[292,284],"20":[4,544],"21":[548,4],"22":[248,296],"23":[8,288],"24":[4,4],"25":[280,16],"26":[296,288],"27":[124,16],"28":[180,316],"29":[496,312],"30":[124,88],"31":[96,28],"32":[60,64],"33":[4,396],"34":[100,296]},"f":{"1":372,"2":2457,"3":1088,"4":104,"5":548,"6":296,"7":548,"8":8,"9":124,"10":496,"11":248,"12":400,"13":48},"fnMap":{"1":{"name":"filter","line":211,"loc":{"start":{"line":211,"column":0},"end":{"line":212,"column":0}}},"2":{"name":"allow","line":222,"loc":{"start":{"line":222,"column":4},"end":{"line":223,"column":4}}},"3":{"name":"allow","line":258,"loc":{"start":{"line":258,"column":0},"end":{"line":259,"column":0}}},"4":{"name":"AccessControl","line":286,"loc":{"start":{"line":286,"column":0},"end":{"line":287,"column":0}}},"5":{"name":"(anonymous_5)","line":292,"loc":{"start":{"line":292,"column":36},"end":{"line":293,"column":4}}},"6":{"name":"(anonymous_6)","line":323,"loc":{"start":{"line":323,"column":38},"end":{"line":324,"column":4}}},"7":{"name":"(anonymous_7)","line":339,"loc":{"start":{"line":339,"column":34},"end":{"line":340,"column":4}}},"8":{"name":"(anonymous_8)","line":362,"loc":{"start":{"line":362,"column":27},"end":{"line":363,"column":12}}},"9":{"name":"(anonymous_9)","line":436,"loc":{"start":{"line":436,"column":32},"end":{"line":437,"column":0}}},"10":{"name":"make","line":447,"loc":{"start":{"line":447,"column":4},"end":{"line":448,"column":4}}},"11":{"name":"setup","line":459,"loc":{"start":{"line":459,"column":4},"end":{"line":460,"column":4}}},"12":{"name":"(anonymous_12)","line":501,"loc":{"start":{"line":501,"column":33},"end":{"line":502,"column":0}}},"13":{"name":"(anonymous_13)","line":533,"loc":{"start":{"line":533,"column":33},"end":{"line":534,"column":0}}}},"statementMap":{"1":{"start":{"line":205,"column":0},"end":{"line":209,"column":41}},"2":{"start":{"line":211,"column":0},"end":{"line":256,"column":1}},"3":{"start":{"line":213,"column":4},"end":{"line":214,"column":21}},"4":{"start":{"line":216,"column":4},"end":{"line":220,"column":5}},"5":{"start":{"line":219,"column":8},"end":{"line":219,"column":76}},"6":{"start":{"line":222,"column":4},"end":{"line":235,"column":5}},"7":{"start":{"line":224,"column":8},"end":{"line":232,"column":9}},"8":{"start":{"line":226,"column":12},"end":{"line":227,"column":64}},"9":{"start":{"line":229,"column":12},"end":{"line":229,"column":71}},"10":{"start":{"line":231,"column":12},"end":{"line":231,"column":25}},"11":{"start":{"line":234,"column":8},"end":{"line":234,"column":20}},"12":{"start":{"line":237,"column":4},"end":{"line":252,"column":5}},"13":{"start":{"line":239,"column":8},"end":{"line":239,"column":46}},"14":{"start":{"line":243,"column":8},"end":{"line":243,"column":33}},"15":{"start":{"line":245,"column":8},"end":{"line":251,"column":9}},"16":{"start":{"line":247,"column":12},"end":{"line":250,"column":13}},"17":{"start":{"line":249,"column":16},"end":{"line":249,"column":42}},"18":{"start":{"line":255,"column":4},"end":{"line":255,"column":69}},"19":{"start":{"line":258,"column":0},"end":{"line":273,"column":1}},"20":{"start":{"line":260,"column":4},"end":{"line":264,"column":5}},"21":{"start":{"line":263,"column":8},"end":{"line":263,"column":21}},"22":{"start":{"line":266,"column":4},"end":{"line":270,"column":5}},"23":{"start":{"line":269,"column":8},"end":{"line":269,"column":21}},"24":{"start":{"line":272,"column":4},"end":{"line":272,"column":16}},"25":{"start":{"line":286,"column":0},"end":{"line":392,"column":1}},"26":{"start":{"line":288,"column":4},"end":{"line":288,"column":28}},"27":{"start":{"line":290,"column":4},"end":{"line":290,"column":19}},"28":{"start":{"line":292,"column":4},"end":{"line":321,"column":6}},"29":{"start":{"line":294,"column":8},"end":{"line":299,"column":9}},"30":{"start":{"line":296,"column":12},"end":{"line":297,"column":51}},"31":{"start":{"line":298,"column":12},"end":{"line":298,"column":62}},"32":{"start":{"line":301,"column":8},"end":{"line":305,"column":9}},"33":{"start":{"line":303,"column":12},"end":{"line":303,"column":68}},"34":{"start":{"line":304,"column":12},"end":{"line":304,"column":62}},"35":{"start":{"line":307,"column":8},"end":{"line":314,"column":9}},"36":{"start":{"line":311,"column":12},"end":{"line":312,"column":58}},"37":{"start":{"line":313,"column":12},"end":{"line":313,"column":62}},"38":{"start":{"line":316,"column":8},"end":{"line":320,"column":9}},"39":{"start":{"line":319,"column":12},"end":{"line":319,"column":40}},"40":{"start":{"line":323,"column":4},"end":{"line":337,"column":6}},"41":{"start":{"line":325,"column":8},"end":{"line":330,"column":9}},"42":{"start":{"line":327,"column":12},"end":{"line":328,"column":51}},"43":{"start":{"line":329,"column":12},"end":{"line":329,"column":64}},"44":{"start":{"line":332,"column":8},"end":{"line":336,"column":9}},"45":{"start":{"line":335,"column":12},"end":{"line":335,"column":42}},"46":{"start":{"line":339,"column":4},"end":{"line":386,"column":6}},"47":{"start":{"line":341,"column":8},"end":{"line":346,"column":9}},"48":{"start":{"line":343,"column":12},"end":{"line":344,"column":51}},"49":{"start":{"line":345,"column":12},"end":{"line":345,"column":60}},"50":{"start":{"line":348,"column":8},"end":{"line":352,"column":9}},"51":{"start":{"line":350,"column":12},"end":{"line":350,"column":66}},"52":{"start":{"line":351,"column":12},"end":{"line":351,"column":60}},"53":{"start":{"line":354,"column":8},"end":{"line":379,"column":9}},"54":{"start":{"line":356,"column":12},"end":{"line":357,"column":26}},"55":{"start":{"line":359,"column":12},"end":{"line":359,"column":44}},"56":{"start":{"line":360,"column":12},"end":{"line":360,"column":32}},"57":{"start":{"line":362,"column":12},"end":{"line":375,"column":14}},"58":{"start":{"line":364,"column":16},"end":{"line":364,"column":38}},"59":{"start":{"line":366,"column":16},"end":{"line":371,"column":17}},"60":{"start":{"line":368,"column":20},"end":{"line":370,"column":50}},"61":{"start":{"line":373,"column":16},"end":{"line":373,"column":33}},"62":{"start":{"line":374,"column":16},"end":{"line":374,"column":23}},"63":{"start":{"line":377,"column":12},"end":{"line":377,"column":27}},"64":{"start":{"line":378,"column":12},"end":{"line":378,"column":23}},"65":{"start":{"line":381,"column":8},"end":{"line":385,"column":9}},"66":{"start":{"line":384,"column":12},"end":{"line":384,"column":64}},"67":{"start":{"line":388,"column":4},"end":{"line":388,"column":30}},"68":{"start":{"line":389,"column":4},"end":{"line":389,"column":39}},"69":{"start":{"line":391,"column":4},"end":{"line":391,"column":24}},"70":{"start":{"line":394,"column":0},"end":{"line":394,"column":43}},"71":{"start":{"line":436,"column":0},"end":{"line":491,"column":2}},"72":{"start":{"line":438,"column":4},"end":{"line":438,"column":35}},"73":{"start":{"line":440,"column":4},"end":{"line":440,"column":28}},"74":{"start":{"line":442,"column":4},"end":{"line":445,"column":6}},"75":{"start":{"line":447,"column":4},"end":{"line":457,"column":5}},"76":{"start":{"line":449,"column":8},"end":{"line":456,"column":9}},"77":{"start":{"line":451,"column":12},"end":{"line":451,"column":61}},"78":{"start":{"line":452,"column":12},"end":{"line":455,"column":13}},"79":{"start":{"line":454,"column":16},"end":{"line":454,"column":61}},"80":{"start":{"line":459,"column":4},"end":{"line":463,"column":5}},"81":{"start":{"line":461,"column":8},"end":{"line":461,"column":28}},"82":{"start":{"line":462,"column":8},"end":{"line":462,"column":31}},"83":{"start":{"line":465,"column":4},"end":{"line":465,"column":21}},"84":{"start":{"line":466,"column":4},"end":{"line":466,"column":23}},"85":{"start":{"line":468,"column":4},"end":{"line":474,"column":5}},"86":{"start":{"line":470,"column":8},"end":{"line":473,"column":9}},"87":{"start":{"line":472,"column":12},"end":{"line":472,"column":51}},"88":{"start":{"line":476,"column":4},"end":{"line":476,"column":47}},"89":{"start":{"line":478,"column":4},"end":{"line":484,"column":5}},"90":{"start":{"line":480,"column":8},"end":{"line":483,"column":9}},"91":{"start":{"line":482,"column":12},"end":{"line":482,"column":48}},"92":{"start":{"line":486,"column":4},"end":{"line":486,"column":54}},"93":{"start":{"line":487,"column":4},"end":{"line":488,"column":52}},"94":{"start":{"line":489,"column":4},"end":{"line":490,"column":48}},"95":{"start":{"line":501,"column":0},"end":{"line":526,"column":2}},"96":{"start":{"line":503,"column":4},"end":{"line":506,"column":5}},"97":{"start":{"line":505,"column":8},"end":{"line":505,"column":53}},"98":{"start":{"line":508,"column":4},"end":{"line":508,"column":72}},"99":{"start":{"line":509,"column":4},"end":{"line":509,"column":76}},"100":{"start":{"line":510,"column":4},"end":{"line":510,"column":68}},"101":{"start":{"line":512,"column":4},"end":{"line":515,"column":5}},"102":{"start":{"line":514,"column":8},"end":{"line":514,"column":51}},"103":{"start":{"line":517,"column":4},"end":{"line":517,"column":47}},"104":{"start":{"line":519,"column":4},"end":{"line":523,"column":5}},"105":{"start":{"line":521,"column":8},"end":{"line":521,"column":75}},"106":{"start":{"line":522,"column":8},"end":{"line":522,"column":35}},"107":{"start":{"line":525,"column":4},"end":{"line":525,"column":42}},"108":{"start":{"line":533,"column":0},"end":{"line":548,"column":2}},"109":{"start":{"line":535,"column":4},"end":{"line":536,"column":57}},"110":{"start":{"line":537,"column":4},"end":{"line":538,"column":55}},"111":{"start":{"line":540,"column":4},"end":{"line":543,"column":5}},"112":{"start":{"line":542,"column":8},"end":{"line":542,"column":54}},"113":{"start":{"line":545,"column":4},"end":{"line":545,"column":50}},"114":{"start":{"line":547,"column":4},"end":{"line":547,"column":42}},"115":{"start":{"line":550,"column":0},"end":{"line":550,"column":38}}},"branchMap":{"1":{"line":216,"type":"if","locations":[{"start":{"line":216,"column":4},"end":{"line":216,"column":4}},{"start":{"line":216,"column":4},"end":{"line":216,"column":4}}]},"2":{"line":224,"type":"if","locations":[{"start":{"line":224,"column":8},"end":{"line":224,"column":8}},{"start":{"line":224,"column":8},"end":{"line":224,"column":8}}]},"3":{"line":237,"type":"if","locations":[{"start":{"line":237,"column":4},"end":{"line":237,"column":4}},{"start":{"line":237,"column":4},"end":{"line":237,"column":4}}]},"4":{"line":247,"type":"if","locations":[{"start":{"line":247,"column":12},"end":{"line":247,"column":12}},{"start":{"line":247,"column":12},"end":{"line":247,"column":12}}]},"5":{"line":260,"type":"if","locations":[{"start":{"line":260,"column":4},"end":{"line":260,"column":4}},{"start":{"line":260,"column":4},"end":{"line":260,"column":4}}]},"6":{"line":260,"type":"binary-expr","locations":[{"start":{"line":260,"column":8},"end":{"line":260,"column":25}},{"start":{"line":261,"column":8},"end":{"line":261,"column":47}}]},"7":{"line":266,"type":"if","locations":[{"start":{"line":266,"column":4},"end":{"line":266,"column":4}},{"start":{"line":266,"column":4},"end":{"line":266,"column":4}}]},"8":{"line":266,"type":"binary-expr","locations":[{"start":{"line":266,"column":8},"end":{"line":266,"column":22}},{"start":{"line":267,"column":8},"end":{"line":267,"column":46}}]},"9":{"line":294,"type":"if","locations":[{"start":{"line":294,"column":8},"end":{"line":294,"column":8}},{"start":{"line":294,"column":8},"end":{"line":294,"column":8}}]},"10":{"line":294,"type":"binary-expr","locations":[{"start":{"line":294,"column":12},"end":{"line":294,"column":33}},{"start":{"line":294,"column":38},"end":{"line":294,"column":74}}]},"11":{"line":301,"type":"if","locations":[{"start":{"line":301,"column":8},"end":{"line":301,"column":8}},{"start":{"line":301,"column":8},"end":{"line":301,"column":8}}]},"12":{"line":307,"type":"if","locations":[{"start":{"line":307,"column":8},"end":{"line":307,"column":8}},{"start":{"line":307,"column":8},"end":{"line":307,"column":8}}]},"13":{"line":307,"type":"binary-expr","locations":[{"start":{"line":307,"column":12},"end":{"line":307,"column":34}},{"start":{"line":308,"column":13},"end":{"line":308,"column":53}},{"start":{"line":309,"column":12},"end":{"line":309,"column":33}}]},"14":{"line":316,"type":"if","locations":[{"start":{"line":316,"column":8},"end":{"line":316,"column":8}},{"start":{"line":316,"column":8},"end":{"line":316,"column":8}}]},"15":{"line":316,"type":"binary-expr","locations":[{"start":{"line":316,"column":12},"end":{"line":316,"column":63}},{"start":{"line":317,"column":12},"end":{"line":317,"column":58}}]},"16":{"line":325,"type":"if","locations":[{"start":{"line":325,"column":8},"end":{"line":325,"column":8}},{"start":{"line":325,"column":8},"end":{"line":325,"column":8}}]},"17":{"line":325,"type":"binary-expr","locations":[{"start":{"line":325,"column":12},"end":{"line":325,"column":33}},{"start":{"line":325,"column":38},"end":{"line":325,"column":74}}]},"18":{"line":332,"type":"if","locations":[{"start":{"line":332,"column":8},"end":{"line":332,"column":8}},{"start":{"line":332,"column":8},"end":{"line":332,"column":8}}]},"19":{"line":332,"type":"binary-expr","locations":[{"start":{"line":332,"column":12},"end":{"line":332,"column":65}},{"start":{"line":333,"column":12},"end":{"line":333,"column":60}}]},"20":{"line":341,"type":"if","locations":[{"start":{"line":341,"column":8},"end":{"line":341,"column":8}},{"start":{"line":341,"column":8},"end":{"line":341,"column":8}}]},"21":{"line":341,"type":"binary-expr","locations":[{"start":{"line":341,"column":12},"end":{"line":341,"column":33}},{"start":{"line":341,"column":38},"end":{"line":341,"column":74}}]},"22":{"line":348,"type":"if","locations":[{"start":{"line":348,"column":8},"end":{"line":348,"column":8}},{"start":{"line":348,"column":8},"end":{"line":348,"column":8}}]},"23":{"line":354,"type":"if","locations":[{"start":{"line":354,"column":8},"end":{"line":354,"column":8}},{"start":{"line":354,"column":8},"end":{"line":354,"column":8}}]},"24":{"line":366,"type":"if","locations":[{"start":{"line":366,"column":16},"end":{"line":366,"column":16}},{"start":{"line":366,"column":16},"end":{"line":366,"column":16}}]},"25":{"line":381,"type":"if","locations":[{"start":{"line":381,"column":8},"end":{"line":381,"column":8}},{"start":{"line":381,"column":8},"end":{"line":381,"column":8}}]},"26":{"line":381,"type":"binary-expr","locations":[{"start":{"line":381,"column":12},"end":{"line":381,"column":78}},{"start":{"line":382,"column":12},"end":{"line":382,"column":73}}]},"27":{"line":440,"type":"binary-expr","locations":[{"start":{"line":440,"column":14},"end":{"line":440,"column":21}},{"start":{"line":440,"column":25},"end":{"line":440,"column":27}}]},"28":{"line":449,"type":"if","locations":[{"start":{"line":449,"column":8},"end":{"line":449,"column":8}},{"start":{"line":449,"column":8},"end":{"line":449,"column":8}}]},"29":{"line":449,"type":"binary-expr","locations":[{"start":{"line":449,"column":12},"end":{"line":449,"column":25}},{"start":{"line":449,"column":29},"end":{"line":449,"column":50}}]},"30":{"line":476,"type":"binary-expr","locations":[{"start":{"line":476,"column":27},"end":{"line":476,"column":40}},{"start":{"line":476,"column":44},"end":{"line":476,"column":46}}]},"31":{"line":487,"type":"cond-expr","locations":[{"start":{"line":488,"column":12},"end":{"line":488,"column":47}},{"start":{"line":488,"column":50},"end":{"line":488,"column":51}}]},"32":{"line":489,"type":"cond-expr","locations":[{"start":{"line":490,"column":12},"end":{"line":490,"column":43}},{"start":{"line":490,"column":46},"end":{"line":490,"column":47}}]},"33":{"line":503,"type":"if","locations":[{"start":{"line":503,"column":4},"end":{"line":503,"column":4}},{"start":{"line":503,"column":4},"end":{"line":503,"column":4}}]},"34":{"line":519,"type":"if","locations":[{"start":{"line":519,"column":4},"end":{"line":519,"column":4}},{"start":{"line":519,"column":4},"end":{"line":519,"column":4}}]}}}}