{"/home/david/mqlobber-access-control/index.js":{"path":"/home/david/mqlobber-access-control/index.js","s":{"1":1,"2":1,"3":368,"4":368,"5":83,"6":1,"7":2453,"8":24,"9":24,"10":24,"11":2429,"12":285,"13":184,"14":101,"15":101,"16":825,"17":813,"18":285,"19":1,"20":1056,"21":168,"22":888,"23":320,"24":568,"25":1,"26":80,"27":80,"28":80,"29":528,"30":284,"31":276,"32":284,"33":244,"34":244,"35":80,"36":528,"37":284,"38":276,"39":284,"40":244,"41":244,"42":80,"43":80,"44":80,"45":1,"46":1,"47":100,"48":100,"49":100,"50":1,"51":400,"52":172,"53":172,"54":204,"55":1,"56":200,"57":200,"58":100,"59":100,"60":100,"61":4,"62":4,"63":100,"64":100,"65":36,"66":4,"67":1,"68":376,"69":4,"70":372,"71":372,"72":372,"73":36,"74":372,"75":372,"76":76,"77":76,"78":372,"79":1,"80":48,"81":48,"82":48,"83":8,"84":48,"85":48,"86":1},"b":{"1":[83,285],"2":[24,2429],"3":[184,101],"4":[813,12],"5":[168,888],"6":[1056,260],"7":[320,568],"8":[888,760],"9":[284,244],"10":[276,8],"11":[284,280],"12":[284,244],"13":[276,8],"14":[284,280],"15":[100,12],"16":[172,228],"17":[400,272],"18":[100,64],"19":[4,372],"20":[76,296]},"f":{"1":368,"2":2453,"3":1056,"4":80,"5":528,"6":528,"7":100,"8":400,"9":200,"10":376,"11":48},"fnMap":{"1":{"name":"filter","line":210,"loc":{"start":{"line":210,"column":0},"end":{"line":211,"column":0}}},"2":{"name":"allow","line":221,"loc":{"start":{"line":221,"column":4},"end":{"line":222,"column":4}}},"3":{"name":"allow","line":257,"loc":{"start":{"line":257,"column":0},"end":{"line":258,"column":0}}},"4":{"name":"AccessControl","line":285,"loc":{"start":{"line":285,"column":0},"end":{"line":286,"column":0}}},"5":{"name":"(anonymous_5)","line":291,"loc":{"start":{"line":291,"column":36},"end":{"line":292,"column":4}}},"6":{"name":"(anonymous_6)","line":307,"loc":{"start":{"line":307,"column":34},"end":{"line":308,"column":4}}},"7":{"name":"(anonymous_7)","line":368,"loc":{"start":{"line":368,"column":32},"end":{"line":369,"column":0}}},"8":{"name":"make","line":379,"loc":{"start":{"line":379,"column":4},"end":{"line":380,"column":4}}},"9":{"name":"setup","line":391,"loc":{"start":{"line":391,"column":4},"end":{"line":392,"column":4}}},"10":{"name":"(anonymous_10)","line":427,"loc":{"start":{"line":427,"column":33},"end":{"line":428,"column":0}}},"11":{"name":"(anonymous_11)","line":458,"loc":{"start":{"line":458,"column":33},"end":{"line":459,"column":0}}}},"statementMap":{"1":{"start":{"line":205,"column":0},"end":{"line":208,"column":41}},"2":{"start":{"line":210,"column":0},"end":{"line":255,"column":1}},"3":{"start":{"line":212,"column":4},"end":{"line":213,"column":21}},"4":{"start":{"line":215,"column":4},"end":{"line":219,"column":5}},"5":{"start":{"line":218,"column":8},"end":{"line":218,"column":76}},"6":{"start":{"line":221,"column":4},"end":{"line":234,"column":5}},"7":{"start":{"line":223,"column":8},"end":{"line":231,"column":9}},"8":{"start":{"line":225,"column":12},"end":{"line":226,"column":64}},"9":{"start":{"line":228,"column":12},"end":{"line":228,"column":71}},"10":{"start":{"line":230,"column":12},"end":{"line":230,"column":25}},"11":{"start":{"line":233,"column":8},"end":{"line":233,"column":20}},"12":{"start":{"line":236,"column":4},"end":{"line":251,"column":5}},"13":{"start":{"line":238,"column":8},"end":{"line":238,"column":46}},"14":{"start":{"line":242,"column":8},"end":{"line":242,"column":33}},"15":{"start":{"line":244,"column":8},"end":{"line":250,"column":9}},"16":{"start":{"line":246,"column":12},"end":{"line":249,"column":13}},"17":{"start":{"line":248,"column":16},"end":{"line":248,"column":42}},"18":{"start":{"line":254,"column":4},"end":{"line":254,"column":69}},"19":{"start":{"line":257,"column":0},"end":{"line":272,"column":1}},"20":{"start":{"line":259,"column":4},"end":{"line":263,"column":5}},"21":{"start":{"line":262,"column":8},"end":{"line":262,"column":21}},"22":{"start":{"line":265,"column":4},"end":{"line":269,"column":5}},"23":{"start":{"line":268,"column":8},"end":{"line":268,"column":21}},"24":{"start":{"line":271,"column":4},"end":{"line":271,"column":16}},"25":{"start":{"line":285,"column":0},"end":{"line":327,"column":1}},"26":{"start":{"line":287,"column":4},"end":{"line":287,"column":28}},"27":{"start":{"line":289,"column":4},"end":{"line":289,"column":19}},"28":{"start":{"line":291,"column":4},"end":{"line":305,"column":6}},"29":{"start":{"line":293,"column":8},"end":{"line":301,"column":9}},"30":{"start":{"line":295,"column":12},"end":{"line":299,"column":13}},"31":{"start":{"line":298,"column":16},"end":{"line":298,"column":44}},"32":{"start":{"line":300,"column":12},"end":{"line":300,"column":19}},"33":{"start":{"line":303,"column":8},"end":{"line":303,"column":64}},"34":{"start":{"line":304,"column":8},"end":{"line":304,"column":51}},"35":{"start":{"line":307,"column":4},"end":{"line":321,"column":6}},"36":{"start":{"line":309,"column":8},"end":{"line":317,"column":9}},"37":{"start":{"line":311,"column":12},"end":{"line":315,"column":13}},"38":{"start":{"line":314,"column":16},"end":{"line":314,"column":68}},"39":{"start":{"line":316,"column":12},"end":{"line":316,"column":19}},"40":{"start":{"line":319,"column":8},"end":{"line":319,"column":62}},"41":{"start":{"line":320,"column":8},"end":{"line":320,"column":49}},"42":{"start":{"line":323,"column":4},"end":{"line":323,"column":30}},"43":{"start":{"line":324,"column":4},"end":{"line":324,"column":39}},"44":{"start":{"line":326,"column":4},"end":{"line":326,"column":24}},"45":{"start":{"line":329,"column":0},"end":{"line":329,"column":43}},"46":{"start":{"line":368,"column":0},"end":{"line":417,"column":2}},"47":{"start":{"line":370,"column":4},"end":{"line":370,"column":35}},"48":{"start":{"line":372,"column":4},"end":{"line":372,"column":28}},"49":{"start":{"line":374,"column":4},"end":{"line":377,"column":6}},"50":{"start":{"line":379,"column":4},"end":{"line":389,"column":5}},"51":{"start":{"line":381,"column":8},"end":{"line":388,"column":9}},"52":{"start":{"line":383,"column":12},"end":{"line":383,"column":61}},"53":{"start":{"line":384,"column":12},"end":{"line":387,"column":13}},"54":{"start":{"line":386,"column":16},"end":{"line":386,"column":61}},"55":{"start":{"line":391,"column":4},"end":{"line":395,"column":5}},"56":{"start":{"line":393,"column":8},"end":{"line":393,"column":28}},"57":{"start":{"line":394,"column":8},"end":{"line":394,"column":31}},"58":{"start":{"line":397,"column":4},"end":{"line":397,"column":21}},"59":{"start":{"line":398,"column":4},"end":{"line":398,"column":23}},"60":{"start":{"line":400,"column":4},"end":{"line":406,"column":5}},"61":{"start":{"line":402,"column":8},"end":{"line":405,"column":9}},"62":{"start":{"line":404,"column":12},"end":{"line":404,"column":51}},"63":{"start":{"line":408,"column":4},"end":{"line":408,"column":47}},"64":{"start":{"line":410,"column":4},"end":{"line":416,"column":5}},"65":{"start":{"line":412,"column":8},"end":{"line":415,"column":9}},"66":{"start":{"line":414,"column":12},"end":{"line":414,"column":48}},"67":{"start":{"line":427,"column":0},"end":{"line":451,"column":2}},"68":{"start":{"line":429,"column":4},"end":{"line":432,"column":5}},"69":{"start":{"line":431,"column":8},"end":{"line":431,"column":53}},"70":{"start":{"line":434,"column":4},"end":{"line":434,"column":72}},"71":{"start":{"line":435,"column":4},"end":{"line":435,"column":68}},"72":{"start":{"line":437,"column":4},"end":{"line":440,"column":5}},"73":{"start":{"line":439,"column":8},"end":{"line":439,"column":51}},"74":{"start":{"line":442,"column":4},"end":{"line":442,"column":47}},"75":{"start":{"line":444,"column":4},"end":{"line":448,"column":5}},"76":{"start":{"line":446,"column":8},"end":{"line":446,"column":75}},"77":{"start":{"line":447,"column":8},"end":{"line":447,"column":35}},"78":{"start":{"line":450,"column":4},"end":{"line":450,"column":42}},"79":{"start":{"line":458,"column":0},"end":{"line":473,"column":2}},"80":{"start":{"line":460,"column":4},"end":{"line":461,"column":57}},"81":{"start":{"line":462,"column":4},"end":{"line":463,"column":55}},"82":{"start":{"line":465,"column":4},"end":{"line":468,"column":5}},"83":{"start":{"line":467,"column":8},"end":{"line":467,"column":54}},"84":{"start":{"line":470,"column":4},"end":{"line":470,"column":50}},"85":{"start":{"line":472,"column":4},"end":{"line":472,"column":42}},"86":{"start":{"line":475,"column":0},"end":{"line":475,"column":38}}},"branchMap":{"1":{"line":215,"type":"if","locations":[{"start":{"line":215,"column":4},"end":{"line":215,"column":4}},{"start":{"line":215,"column":4},"end":{"line":215,"column":4}}]},"2":{"line":223,"type":"if","locations":[{"start":{"line":223,"column":8},"end":{"line":223,"column":8}},{"start":{"line":223,"column":8},"end":{"line":223,"column":8}}]},"3":{"line":236,"type":"if","locations":[{"start":{"line":236,"column":4},"end":{"line":236,"column":4}},{"start":{"line":236,"column":4},"end":{"line":236,"column":4}}]},"4":{"line":246,"type":"if","locations":[{"start":{"line":246,"column":12},"end":{"line":246,"column":12}},{"start":{"line":246,"column":12},"end":{"line":246,"column":12}}]},"5":{"line":259,"type":"if","locations":[{"start":{"line":259,"column":4},"end":{"line":259,"column":4}},{"start":{"line":259,"column":4},"end":{"line":259,"column":4}}]},"6":{"line":259,"type":"binary-expr","locations":[{"start":{"line":259,"column":8},"end":{"line":259,"column":25}},{"start":{"line":260,"column":8},"end":{"line":260,"column":47}}]},"7":{"line":265,"type":"if","locations":[{"start":{"line":265,"column":4},"end":{"line":265,"column":4}},{"start":{"line":265,"column":4},"end":{"line":265,"column":4}}]},"8":{"line":265,"type":"binary-expr","locations":[{"start":{"line":265,"column":8},"end":{"line":265,"column":22}},{"start":{"line":266,"column":8},"end":{"line":266,"column":46}}]},"9":{"line":293,"type":"if","locations":[{"start":{"line":293,"column":8},"end":{"line":293,"column":8}},{"start":{"line":293,"column":8},"end":{"line":293,"column":8}}]},"10":{"line":295,"type":"if","locations":[{"start":{"line":295,"column":12},"end":{"line":295,"column":12}},{"start":{"line":295,"column":12},"end":{"line":295,"column":12}}]},"11":{"line":295,"type":"binary-expr","locations":[{"start":{"line":295,"column":16},"end":{"line":295,"column":67}},{"start":{"line":296,"column":16},"end":{"line":296,"column":68}}]},"12":{"line":309,"type":"if","locations":[{"start":{"line":309,"column":8},"end":{"line":309,"column":8}},{"start":{"line":309,"column":8},"end":{"line":309,"column":8}}]},"13":{"line":311,"type":"if","locations":[{"start":{"line":311,"column":12},"end":{"line":311,"column":12}},{"start":{"line":311,"column":12},"end":{"line":311,"column":12}}]},"14":{"line":311,"type":"binary-expr","locations":[{"start":{"line":311,"column":16},"end":{"line":311,"column":82}},{"start":{"line":312,"column":16},"end":{"line":312,"column":83}}]},"15":{"line":372,"type":"binary-expr","locations":[{"start":{"line":372,"column":14},"end":{"line":372,"column":21}},{"start":{"line":372,"column":25},"end":{"line":372,"column":27}}]},"16":{"line":381,"type":"if","locations":[{"start":{"line":381,"column":8},"end":{"line":381,"column":8}},{"start":{"line":381,"column":8},"end":{"line":381,"column":8}}]},"17":{"line":381,"type":"binary-expr","locations":[{"start":{"line":381,"column":12},"end":{"line":381,"column":25}},{"start":{"line":381,"column":29},"end":{"line":381,"column":50}}]},"18":{"line":408,"type":"binary-expr","locations":[{"start":{"line":408,"column":27},"end":{"line":408,"column":40}},{"start":{"line":408,"column":44},"end":{"line":408,"column":46}}]},"19":{"line":429,"type":"if","locations":[{"start":{"line":429,"column":4},"end":{"line":429,"column":4}},{"start":{"line":429,"column":4},"end":{"line":429,"column":4}}]},"20":{"line":444,"type":"if","locations":[{"start":{"line":444,"column":4},"end":{"line":444,"column":4}},{"start":{"line":444,"column":4},"end":{"line":444,"column":4}}]}}}}