TN:
SF:index.js
FN:214,filter
FN:219,(anonymous_1)
FN:245,allow
FN:273,AccessControl
FN:279,(anonymous_4)
FN:302,(anonymous_5)
FN:331,(anonymous_6)
FN:345,(anonymous_7)
FN:383,(anonymous_8)
FN:389,done2
FN:405,(anonymous_10)
FN:488,(anonymous_11)
FN:499,make
FN:511,setup
FN:563,(anonymous_14)
FN:605,(anonymous_15)
FNF:16
FNH:16
FNDA:947,filter
FNDA:8235,(anonymous_1)
FNDA:2309,allow
FNDA:301,AccessControl
FNDA:2973,(anonymous_4)
FNDA:1163,(anonymous_5)
FNDA:624,(anonymous_6)
FNDA:1186,(anonymous_7)
FNDA:649,(anonymous_8)
FNDA:665,done2
FNDA:16,(anonymous_10)
FNDA:341,(anonymous_11)
FNDA:1364,make
FNDA:682,setup
FNDA:893,(anonymous_14)
FNDA:96,(anonymous_15)
DA:208,3
DA:209,3
DA:210,3
DA:211,3
DA:212,3
DA:216,947
DA:217,947
DA:219,947
DA:221,8235
DA:222,8235
DA:224,8155
DA:225,8155
DA:227,787
DA:229,48
DA:231,787
DA:235,8235
DA:237,48
DA:238,48
DA:241,8187
DA:247,2309
DA:250,337
DA:253,1972
DA:256,657
DA:259,1315
DA:275,301
DA:277,301
DA:279,301
DA:281,2973
DA:283,24
DA:285,24
DA:286,24
DA:289,2949
DA:291,2949
DA:295,32
DA:296,32
DA:299,2917
DA:302,301
DA:304,1163
DA:306,24
DA:309,1139
DA:311,497
DA:312,497
DA:315,642
DA:319,8
DA:321,8
DA:324,634
DA:327,610
DA:331,301
DA:333,624
DA:335,16
DA:338,608
DA:341,584
DA:345,301
DA:347,1186
DA:349,16
DA:352,1170
DA:354,497
DA:355,497
DA:358,673
DA:360,8
DA:361,8
DA:364,665
DA:366,8
DA:367,8
DA:370,657
DA:372,657
DA:376,8
DA:378,8
DA:381,649
DA:383,649
DA:385,649
DA:386,649
DA:392,665
DA:393,665
DA:394,665
DA:397,649
DA:399,16
DA:400,16
DA:402,16
DA:403,16
DA:405,16
DA:407,16
DA:409,16
DA:411,8
DA:416,8
DA:417,8
DA:420,16
DA:421,16
DA:424,649
DA:427,617
DA:431,301
DA:432,301
DA:433,301
DA:435,301
DA:438,3
DA:488,3
DA:490,341
DA:492,341
DA:494,341
DA:501,1364
DA:503,391
DA:504,391
DA:506,455
DA:513,682
DA:514,682
DA:517,341
DA:518,341
DA:520,341
DA:522,8
DA:524,8
DA:528,341
DA:530,341
DA:532,88
DA:534,8
DA:538,341
DA:539,341
DA:541,341
DA:543,341
DA:545,341
DA:547,341
DA:563,3
DA:565,893
DA:567,8
DA:570,885
DA:576,24
DA:579,861
DA:580,861
DA:581,861
DA:583,861
DA:585,80
DA:588,861
DA:590,861
DA:592,266
DA:595,861
DA:597,861
DA:605,3
DA:607,96
DA:609,96
DA:612,96
DA:614,16
DA:617,96
DA:619,96
DA:622,3
LF:143
LH:143
BRDA:222,0,0,8155
BRDA:222,0,1,80
BRDA:225,1,0,787
BRDA:225,1,1,7368
BRDA:225,2,0,8155
BRDA:225,2,1,5107
BRDA:235,3,0,48
BRDA:235,3,1,8187
BRDA:247,4,0,337
BRDA:247,4,1,1972
BRDA:247,5,0,2309
BRDA:247,5,1,522
BRDA:253,6,0,657
BRDA:253,6,1,1315
BRDA:253,7,0,1972
BRDA:253,7,1,1540
BRDA:281,8,0,24
BRDA:281,8,1,2949
BRDA:281,9,0,2973
BRDA:281,9,1,24
BRDA:304,10,0,24
BRDA:304,10,1,1139
BRDA:309,11,0,497
BRDA:309,11,1,642
BRDA:315,12,0,8
BRDA:315,12,1,634
BRDA:315,13,0,642
BRDA:315,13,1,16
BRDA:315,13,2,8
BRDA:324,14,0,610
BRDA:324,14,1,24
BRDA:324,15,0,634
BRDA:324,15,1,618
BRDA:333,16,0,16
BRDA:333,16,1,608
BRDA:338,17,0,584
BRDA:338,17,1,24
BRDA:338,18,0,608
BRDA:338,18,1,592
BRDA:347,19,0,16
BRDA:347,19,1,1170
BRDA:352,20,0,497
BRDA:352,20,1,673
BRDA:358,21,0,8
BRDA:358,21,1,665
BRDA:358,22,0,673
BRDA:358,22,1,16
BRDA:364,23,0,8
BRDA:364,23,1,657
BRDA:364,24,0,665
BRDA:364,24,1,16
BRDA:372,25,0,8
BRDA:372,25,1,649
BRDA:372,26,0,657
BRDA:372,26,1,24
BRDA:397,27,0,16
BRDA:397,27,1,633
BRDA:409,28,0,8
BRDA:409,28,1,8
BRDA:424,29,0,617
BRDA:424,29,1,32
BRDA:424,30,0,649
BRDA:424,30,1,633
BRDA:501,31,0,391
BRDA:501,31,1,973
BRDA:501,32,0,1364
BRDA:501,32,1,724
BRDA:528,33,0,341
BRDA:528,33,1,253
BRDA:539,34,0,213
BRDA:539,34,1,128
BRDA:541,35,0,149
BRDA:541,35,1,192
BRDA:543,36,0,149
BRDA:543,36,1,192
BRDA:545,37,0,149
BRDA:545,37,1,192
BRDA:547,38,0,149
BRDA:547,38,1,192
BRDA:565,39,0,8
BRDA:565,39,1,885
BRDA:570,40,0,24
BRDA:570,40,1,861
BRDA:570,41,0,885
BRDA:570,41,1,877
BRDA:570,41,2,877
BRDA:570,41,3,877
BRDA:570,41,4,869
BRDA:590,42,0,266
BRDA:590,42,1,595
BRF:90
BRH:90
end_of_record
