TN:
SF:/home/david/mqlobber-access-control/index.js
FN:211,filter
FN:222,allow
FN:258,allow
FN:286,AccessControl
FN:292,(anonymous_5)
FN:323,(anonymous_6)
FN:339,(anonymous_7)
FN:367,(anonymous_8)
FN:373,done2
FN:388,(anonymous_10)
FN:463,(anonymous_11)
FN:474,make
FN:486,setup
FN:530,(anonymous_14)
FN:564,(anonymous_15)
FNF:15
FNH:15
FNDA:380,filter
FNDA:2457,allow
FNDA:1108,allow
FNDA:108,AccessControl
FNDA:556,(anonymous_5)
FNDA:296,(anonymous_6)
FNDA:560,(anonymous_7)
FNDA:304,(anonymous_8)
FNDA:312,done2
FNDA:8,(anonymous_10)
FNDA:128,(anonymous_11)
FNDA:512,make
FNDA:256,setup
FNDA:404,(anonymous_14)
FNDA:48,(anonymous_15)
DA:205,1
DA:211,1
DA:213,380
DA:216,380
DA:219,91
DA:222,1
DA:224,2457
DA:226,24
DA:229,24
DA:231,24
DA:234,2433
DA:237,289
DA:239,186
DA:243,103
DA:245,103
DA:247,827
DA:249,815
DA:255,289
DA:258,1
DA:260,1108
DA:263,168
DA:266,940
DA:269,328
DA:272,612
DA:286,1
DA:288,108
DA:290,108
DA:292,108
DA:294,556
DA:296,4
DA:298,4
DA:301,552
DA:303,248
DA:304,248
DA:307,304
DA:311,4
DA:313,4
DA:316,300
DA:319,288
DA:323,108
DA:325,296
DA:327,4
DA:329,4
DA:332,292
DA:335,280
DA:339,108
DA:341,560
DA:343,4
DA:345,4
DA:348,556
DA:350,248
DA:351,248
DA:354,308
DA:356,308
DA:360,4
DA:362,4
DA:365,304
DA:367,304
DA:369,304
DA:370,304
DA:373,1
DA:375,312
DA:376,312
DA:377,312
DA:380,304
DA:382,8
DA:385,8
DA:386,8
DA:388,8
DA:390,8
DA:392,8
DA:394,4
DA:399,4
DA:400,4
DA:403,8
DA:404,8
DA:407,304
DA:410,288
DA:414,108
DA:415,108
DA:417,108
DA:420,1
DA:463,1
DA:465,128
DA:467,128
DA:469,128
DA:474,1
DA:476,512
DA:478,180
DA:479,180
DA:481,212
DA:486,1
DA:488,256
DA:489,256
DA:492,128
DA:493,128
DA:495,128
DA:497,4
DA:499,4
DA:503,128
DA:505,128
DA:507,36
DA:509,4
DA:513,128
DA:514,128
DA:516,128
DA:518,128
DA:530,1
DA:532,404
DA:534,4
DA:537,400
DA:538,400
DA:539,400
DA:541,400
DA:543,36
DA:546,400
DA:548,400
DA:550,104
DA:551,104
DA:554,400
DA:556,400
DA:564,1
DA:566,48
DA:568,48
DA:571,48
DA:573,8
DA:576,48
DA:578,48
DA:581,1
LF:129
LH:129
BRDA:216,1,0,91
BRDA:216,1,1,289
BRDA:224,2,0,24
BRDA:224,2,1,2433
BRDA:237,3,0,186
BRDA:237,3,1,103
BRDA:247,4,0,815
BRDA:247,4,1,12
BRDA:260,5,0,168
BRDA:260,5,1,940
BRDA:260,6,0,1108
BRDA:260,6,1,260
BRDA:266,7,0,328
BRDA:266,7,1,612
BRDA:266,8,0,940
BRDA:266,8,1,768
BRDA:294,9,0,4
BRDA:294,9,1,552
BRDA:294,10,0,556
BRDA:294,10,1,4
BRDA:301,11,0,248
BRDA:301,11,1,304
BRDA:307,12,0,4
BRDA:307,12,1,300
BRDA:307,13,0,304
BRDA:307,13,1,8
BRDA:307,13,2,4
BRDA:316,14,0,288
BRDA:316,14,1,12
BRDA:316,15,0,300
BRDA:316,15,1,292
BRDA:325,16,0,4
BRDA:325,16,1,292
BRDA:325,17,0,296
BRDA:325,17,1,4
BRDA:332,18,0,280
BRDA:332,18,1,12
BRDA:332,19,0,292
BRDA:332,19,1,284
BRDA:341,20,0,4
BRDA:341,20,1,556
BRDA:341,21,0,560
BRDA:341,21,1,4
BRDA:348,22,0,248
BRDA:348,22,1,308
BRDA:356,23,0,4
BRDA:356,23,1,304
BRDA:356,24,0,308
BRDA:356,24,1,12
BRDA:380,25,0,8
BRDA:380,25,1,296
BRDA:392,26,0,4
BRDA:392,26,1,4
BRDA:407,27,0,288
BRDA:407,27,1,16
BRDA:407,28,0,304
BRDA:407,28,1,296
BRDA:467,29,0,128
BRDA:467,29,1,16
BRDA:476,30,0,180
BRDA:476,30,1,332
BRDA:476,31,0,512
BRDA:476,31,1,320
BRDA:503,32,0,128
BRDA:503,32,1,92
BRDA:514,33,0,96
BRDA:514,33,1,32
BRDA:516,34,0,64
BRDA:516,34,1,64
BRDA:518,35,0,64
BRDA:518,35,1,64
BRDA:532,36,0,4
BRDA:532,36,1,400
BRDA:548,37,0,104
BRDA:548,37,1,296
BRF:75
BRH:75
end_of_record
